c:\users\alexi\source\repos\integration-project\debug\vc142.pdb
c:\users\alexi\source\repos\integration-project\debug\vc142.idb
c:\users\alexi\source\repos\integration-project\debug\user.nativecodeanalysis.sarif
c:\users\alexi\source\repos\integration-project\debug\user.nativecodeanalysis.xml
c:\users\alexi\source\repos\integration-project\debug\student.nativecodeanalysis.sarif
c:\users\alexi\source\repos\integration-project\debug\student.nativecodeanalysis.xml
c:\users\alexi\source\repos\integration-project\debug\professor.nativecodeanalysis.sarif
c:\users\alexi\source\repos\integration-project\debug\professor.nativecodeanalysis.xml
c:\users\alexi\source\repos\integration-project\debug\main.nativecodeanalysis.sarif
c:\users\alexi\source\repos\integration-project\debug\main.nativecodeanalysis.xml
c:\users\alexi\source\repos\integration-project\debug\course.nativecodeanalysis.sarif
c:\users\alexi\source\repos\integration-project\debug\course.nativecodeanalysis.xml
c:\users\alexi\source\repos\integration-project\debug\course.obj
c:\users\alexi\source\repos\integration-project\debug\main.obj
c:\users\alexi\source\repos\integration-project\debug\professor.obj
c:\users\alexi\source\repos\integration-project\debug\student.obj
c:\users\alexi\source\repos\integration-project\debug\user.obj
c:\users\alexi\source\repos\integration-project\debug\gradebook.ilk
c:\users\alexi\source\repos\integration-project\debug\gradebook.exe
c:\users\alexi\source\repos\integration-project\debug\gradebook.pdb
c:\users\alexi\source\repos\integration-project\debug\vc.nativecodeanalysis.all.xml
c:\users\alexi\source\repos\integration-project\debug\gradebook.tlog\cl.command.1.tlog
c:\users\alexi\source\repos\integration-project\debug\gradebook.tlog\cl.read.1.tlog
c:\users\alexi\source\repos\integration-project\debug\gradebook.tlog\cl.write.1.tlog
c:\users\alexi\source\repos\integration-project\debug\gradebook.tlog\link.command.1.tlog
c:\users\alexi\source\repos\integration-project\debug\gradebook.tlog\link.read.1.tlog
c:\users\alexi\source\repos\integration-project\debug\gradebook.tlog\link.write.1.tlog
